<?xml version="1.0" encoding="UTF-8"?>
<coverage generated="1705583063306" clover="3.2.0">
  <project timestamp="1705583063306" name="All files">
    <metrics statements="69" coveredstatements="49" conditionals="38" coveredconditionals="23" methods="9" coveredmethods="7" elements="116" coveredelements="79" complexity="0" loc="69" ncloc="69" packages="1" files="1" classes="1"/>
    <file name="Teams.jsx" path="C:\Users\kubpi\Desktop\my-thesis\src\componenets\MatchesData\Teams.jsx">
      <metrics statements="69" coveredstatements="49" conditionals="38" coveredconditionals="23" methods="9" coveredmethods="7"/>
      <line num="7" count="1" type="stmt"/>
      <line num="8" count="0" type="stmt"/>
      <line num="9" count="0" type="stmt"/>
      <line num="10" count="0" type="stmt"/>
      <line num="11" count="0" type="stmt"/>
      <line num="14" count="1" type="stmt"/>
      <line num="16" count="0" type="stmt"/>
      <line num="18" count="0" type="stmt"/>
      <line num="19" count="0" type="stmt"/>
      <line num="20" count="0" type="stmt"/>
      <line num="33" count="3" type="stmt"/>
      <line num="37" count="3" type="stmt"/>
      <line num="38" count="3" type="stmt"/>
      <line num="40" count="3" type="stmt"/>
      <line num="41" count="3" type="stmt"/>
      <line num="43" count="3" type="stmt"/>
      <line num="44" count="3" type="stmt"/>
      <line num="46" count="3" type="stmt"/>
      <line num="47" count="1" type="stmt"/>
      <line num="49" count="1" type="cond" truecount="2" falsecount="0"/>
      <line num="50" count="1" type="stmt"/>
      <line num="52" count="1" type="cond" truecount="1" falsecount="1"/>
      <line num="54" count="0" type="stmt"/>
      <line num="57" count="1" type="stmt"/>
      <line num="58" count="1" type="stmt"/>
      <line num="59" count="1" type="stmt"/>
      <line num="60" count="1" type="stmt"/>
      <line num="61" count="1" type="stmt"/>
      <line num="62" count="1" type="stmt"/>
      <line num="64" count="0" type="stmt"/>
      <line num="69" count="1" type="stmt"/>
      <line num="72" count="3" type="stmt"/>
      <line num="73" count="1" type="stmt"/>
      <line num="75" count="1" type="cond" truecount="2" falsecount="0"/>
      <line num="76" count="1" type="stmt"/>
      <line num="78" count="1" type="cond" truecount="1" falsecount="1"/>
      <line num="80" count="0" type="stmt"/>
      <line num="83" count="1" type="stmt"/>
      <line num="84" count="1" type="stmt"/>
      <line num="85" count="1" type="stmt"/>
      <line num="86" count="1" type="stmt"/>
      <line num="87" count="1" type="stmt"/>
      <line num="88" count="1" type="stmt"/>
      <line num="90" count="0" type="stmt"/>
      <line num="95" count="1" type="stmt"/>
      <line num="99" count="3" type="stmt"/>
      <line num="101" count="1" type="stmt"/>
      <line num="102" count="1" type="stmt"/>
      <line num="103" count="1" type="stmt"/>
      <line num="104" count="1" type="cond" truecount="1" falsecount="1"/>
      <line num="111" count="0" type="stmt"/>
      <line num="112" count="0" type="stmt"/>
      <line num="113" count="1" type="cond" truecount="1" falsecount="1"/>
      <line num="114" count="0" type="stmt"/>
      <line num="115" count="0" type="stmt"/>
      <line num="116" count="1" type="cond" truecount="1" falsecount="1"/>
      <line num="117" count="1" type="stmt"/>
      <line num="118" count="1" type="stmt"/>
      <line num="119" count="0" type="cond" truecount="0" falsecount="2"/>
      <line num="120" count="0" type="stmt"/>
      <line num="121" count="0" type="stmt"/>
      <line num="124" count="1" type="stmt"/>
      <line num="126" count="3" type="stmt"/>
      <line num="128" count="1" type="cond" truecount="2" falsecount="2"/>
      <line num="129" count="0" type="stmt"/>
      <line num="131" count="1" type="stmt"/>
      <line num="134" count="3" type="stmt"/>
      <line num="184" count="1" type="stmt"/>
      <line num="212" count="1" type="stmt"/>
    </file>
  </project>
</coverage>
