{"C:\\Users\\kubpi\\Desktop\\my-thesis\\src\\componenets\\MatchesData\\Teams.jsx": {"path":"C:\\Users\\kubpi\\Desktop\\my-thesis\\src\\componenets\\MatchesData\\Teams.jsx","statementMap":{"0":{"start":{"line":7,"column":20},"end":{"line":12,"column":1}},"1":{"start":{"line":8,"column":13},"end":{"line":8,"column":39}},"2":{"start":{"line":9,"column":14},"end":{"line":9,"column":57}},"3":{"start":{"line":10,"column":16},"end":{"line":10,"column":61}},"4":{"start":{"line":11,"column":2},"end":{"line":11,"column":31}},"5":{"start":{"line":14,"column":36},"end":{"line":21,"column":1}},"6":{"start":{"line":16,"column":22},"end":{"line":16,"column":39}},"7":{"start":{"line":18,"column":16},"end":{"line":18,"column":78}},"8":{"start":{"line":19,"column":26},"end":{"line":19,"column":48}},"9":{"start":{"line":20,"column":2},"end":{"line":20,"column":29}},"10":{"start":{"line":33,"column":6},"end":{"line":33,"column":11}},"11":{"start":{"line":37,"column":36},"end":{"line":37,"column":48}},"12":{"start":{"line":38,"column":36},"end":{"line":38,"column":48}},"13":{"start":{"line":40,"column":24},"end":{"line":40,"column":47}},"14":{"start":{"line":41,"column":30},"end":{"line":41,"column":45}},"15":{"start":{"line":43,"column":42},"end":{"line":43,"column":54}},"16":{"start":{"line":44,"column":42},"end":{"line":44,"column":54}},"17":{"start":{"line":46,"column":2},"end":{"line":70,"column":17}},"18":{"start":{"line":47,"column":26},"end":{"line":67,"column":5}},"19":{"start":{"line":49,"column":26},"end":{"line":49,"column":78}},"20":{"start":{"line":50,"column":22},"end":{"line":50,"column":34}},"21":{"start":{"line":52,"column":6},"end":{"line":66,"column":7}},"22":{"start":{"line":54,"column":8},"end":{"line":54,"column":56}},"23":{"start":{"line":57,"column":24},"end":{"line":57,"column":75}},"24":{"start":{"line":58,"column":8},"end":{"line":65,"column":9}},"25":{"start":{"line":59,"column":22},"end":{"line":59,"column":51}},"26":{"start":{"line":60,"column":10},"end":{"line":60,"column":31}},"27":{"start":{"line":61,"column":10},"end":{"line":61,"column":47}},"28":{"start":{"line":62,"column":10},"end":{"line":62,"column":74}},"29":{"start":{"line":64,"column":10},"end":{"line":64,"column":67}},"30":{"start":{"line":69,"column":4},"end":{"line":69,"column":20}},"31":{"start":{"line":72,"column":2},"end":{"line":96,"column":17}},"32":{"start":{"line":73,"column":26},"end":{"line":93,"column":5}},"33":{"start":{"line":75,"column":26},"end":{"line":75,"column":78}},"34":{"start":{"line":76,"column":22},"end":{"line":76,"column":34}},"35":{"start":{"line":78,"column":6},"end":{"line":92,"column":7}},"36":{"start":{"line":80,"column":8},"end":{"line":80,"column":56}},"37":{"start":{"line":83,"column":24},"end":{"line":83,"column":75}},"38":{"start":{"line":84,"column":8},"end":{"line":91,"column":9}},"39":{"start":{"line":85,"column":22},"end":{"line":85,"column":51}},"40":{"start":{"line":86,"column":10},"end":{"line":86,"column":31}},"41":{"start":{"line":87,"column":10},"end":{"line":87,"column":47}},"42":{"start":{"line":88,"column":10},"end":{"line":88,"column":74}},"43":{"start":{"line":90,"column":10},"end":{"line":90,"column":67}},"44":{"start":{"line":95,"column":4},"end":{"line":95,"column":20}},"45":{"start":{"line":99,"column":2},"end":{"line":125,"column":65}},"46":{"start":{"line":101,"column":21},"end":{"line":101,"column":30}},"47":{"start":{"line":102,"column":23},"end":{"line":102,"column":32}},"48":{"start":{"line":103,"column":22},"end":{"line":103,"column":31}},"49":{"start":{"line":104,"column":4},"end":{"line":122,"column":5}},"50":{"start":{"line":111,"column":6},"end":{"line":111,"column":25}},"51":{"start":{"line":112,"column":6},"end":{"line":112,"column":25}},"52":{"start":{"line":113,"column":11},"end":{"line":122,"column":5}},"53":{"start":{"line":114,"column":6},"end":{"line":114,"column":31}},"54":{"start":{"line":115,"column":6},"end":{"line":115,"column":29}},"55":{"start":{"line":116,"column":11},"end":{"line":122,"column":5}},"56":{"start":{"line":117,"column":6},"end":{"line":117,"column":29}},"57":{"start":{"line":118,"column":6},"end":{"line":118,"column":31}},"58":{"start":{"line":119,"column":11},"end":{"line":122,"column":5}},"59":{"start":{"line":120,"column":6},"end":{"line":120,"column":30}},"60":{"start":{"line":121,"column":6},"end":{"line":121,"column":30}},"61":{"start":{"line":124,"column":4},"end":{"line":124,"column":26}},"62":{"start":{"line":126,"column":2},"end":{"line":133,"column":20}},"63":{"start":{"line":128,"column":4},"end":{"line":132,"column":5}},"64":{"start":{"line":129,"column":6},"end":{"line":129,"column":22}},"65":{"start":{"line":131,"column":6},"end":{"line":131,"column":23}},"66":{"start":{"line":134,"column":2},"end":{"line":182,"column":4}},"67":{"start":{"line":184,"column":0},"end":{"line":209,"column":2}},"68":{"start":{"line":212,"column":0},"end":{"line":219,"column":2}}},"fnMap":{"0":{"name":"(anonymous_0)","decl":{"start":{"line":7,"column":20},"end":{"line":7,"column":21}},"loc":{"start":{"line":7,"column":35},"end":{"line":12,"column":1}},"line":7},"1":{"name":"(anonymous_1)","decl":{"start":{"line":14,"column":36},"end":{"line":14,"column":37}},"loc":{"start":{"line":14,"column":46},"end":{"line":21,"column":1}},"line":14},"2":{"name":"Teams","decl":{"start":{"line":23,"column":16},"end":{"line":23,"column":21}},"loc":{"start":{"line":23,"column":29},"end":{"line":183,"column":1}},"line":23},"3":{"name":"(anonymous_3)","decl":{"start":{"line":46,"column":12},"end":{"line":46,"column":13}},"loc":{"start":{"line":46,"column":18},"end":{"line":70,"column":3}},"line":46},"4":{"name":"(anonymous_4)","decl":{"start":{"line":47,"column":26},"end":{"line":47,"column":27}},"loc":{"start":{"line":47,"column":38},"end":{"line":67,"column":5}},"line":47},"5":{"name":"(anonymous_5)","decl":{"start":{"line":72,"column":12},"end":{"line":72,"column":13}},"loc":{"start":{"line":72,"column":18},"end":{"line":96,"column":3}},"line":72},"6":{"name":"(anonymous_6)","decl":{"start":{"line":73,"column":26},"end":{"line":73,"column":27}},"loc":{"start":{"line":73,"column":38},"end":{"line":93,"column":5}},"line":73},"7":{"name":"(anonymous_7)","decl":{"start":{"line":99,"column":12},"end":{"line":99,"column":13}},"loc":{"start":{"line":99,"column":18},"end":{"line":125,"column":3}},"line":99},"8":{"name":"(anonymous_8)","decl":{"start":{"line":126,"column":12},"end":{"line":126,"column":13}},"loc":{"start":{"line":126,"column":18},"end":{"line":133,"column":3}},"line":126}},"branchMap":{"0":{"loc":{"start":{"line":49,"column":26},"end":{"line":49,"column":78}},"type":"binary-expr","locations":[{"start":{"line":49,"column":26},"end":{"line":49,"column":72}},{"start":{"line":49,"column":76},"end":{"line":49,"column":78}}],"line":49},"1":{"loc":{"start":{"line":52,"column":6},"end":{"line":66,"column":7}},"type":"if","locations":[{"start":{"line":52,"column":6},"end":{"line":66,"column":7}},{"start":{"line":55,"column":13},"end":{"line":66,"column":7}}],"line":52},"2":{"loc":{"start":{"line":75,"column":26},"end":{"line":75,"column":78}},"type":"binary-expr","locations":[{"start":{"line":75,"column":26},"end":{"line":75,"column":72}},{"start":{"line":75,"column":76},"end":{"line":75,"column":78}}],"line":75},"3":{"loc":{"start":{"line":78,"column":6},"end":{"line":92,"column":7}},"type":"if","locations":[{"start":{"line":78,"column":6},"end":{"line":92,"column":7}},{"start":{"line":81,"column":13},"end":{"line":92,"column":7}}],"line":78},"4":{"loc":{"start":{"line":104,"column":4},"end":{"line":122,"column":5}},"type":"if","locations":[{"start":{"line":104,"column":4},"end":{"line":122,"column":5}},{"start":{"line":113,"column":11},"end":{"line":122,"column":5}}],"line":104},"5":{"loc":{"start":{"line":105,"column":6},"end":{"line":108,"column":32}},"type":"binary-expr","locations":[{"start":{"line":105,"column":6},"end":{"line":105,"column":46}},{"start":{"line":106,"column":6},"end":{"line":106,"column":46}},{"start":{"line":107,"column":6},"end":{"line":107,"column":32}},{"start":{"line":108,"column":6},"end":{"line":108,"column":32}}],"line":105},"6":{"loc":{"start":{"line":113,"column":11},"end":{"line":122,"column":5}},"type":"if","locations":[{"start":{"line":113,"column":11},"end":{"line":122,"column":5}},{"start":{"line":116,"column":11},"end":{"line":122,"column":5}}],"line":113},"7":{"loc":{"start":{"line":116,"column":11},"end":{"line":122,"column":5}},"type":"if","locations":[{"start":{"line":116,"column":11},"end":{"line":122,"column":5}},{"start":{"line":119,"column":11},"end":{"line":122,"column":5}}],"line":116},"8":{"loc":{"start":{"line":119,"column":11},"end":{"line":122,"column":5}},"type":"if","locations":[{"start":{"line":119,"column":11},"end":{"line":122,"column":5}},{"start":{},"end":{}}],"line":119},"9":{"loc":{"start":{"line":128,"column":4},"end":{"line":132,"column":5}},"type":"if","locations":[{"start":{"line":128,"column":4},"end":{"line":132,"column":5}},{"start":{"line":130,"column":11},"end":{"line":132,"column":5}}],"line":128},"10":{"loc":{"start":{"line":128,"column":8},"end":{"line":128,"column":55}},"type":"binary-expr","locations":[{"start":{"line":128,"column":8},"end":{"line":128,"column":19}},{"start":{"line":128,"column":23},"end":{"line":128,"column":55}}],"line":128},"11":{"loc":{"start":{"line":136,"column":40},"end":{"line":136,"column":66}},"type":"cond-expr","locations":[{"start":{"line":136,"column":49},"end":{"line":136,"column":61}},{"start":{"line":136,"column":64},"end":{"line":136,"column":66}}],"line":136},"12":{"loc":{"start":{"line":141,"column":13},"end":{"line":147,"column":13}},"type":"binary-expr","locations":[{"start":{"line":141,"column":13},"end":{"line":141,"column":53}},{"start":{"line":142,"column":14},"end":{"line":146,"column":20}}],"line":141},"13":{"loc":{"start":{"line":152,"column":13},"end":{"line":158,"column":13}},"type":"binary-expr","locations":[{"start":{"line":152,"column":13},"end":{"line":152,"column":53}},{"start":{"line":153,"column":14},"end":{"line":157,"column":20}}],"line":152},"14":{"loc":{"start":{"line":162,"column":9},"end":{"line":166,"column":9}},"type":"binary-expr","locations":[{"start":{"line":162,"column":9},"end":{"line":162,"column":49}},{"start":{"line":163,"column":10},"end":{"line":165,"column":16}}],"line":162},"15":{"loc":{"start":{"line":167,"column":9},"end":{"line":174,"column":11}},"type":"binary-expr","locations":[{"start":{"line":167,"column":9},"end":{"line":167,"column":39}},{"start":{"line":168,"column":10},"end":{"line":168,"column":36}},{"start":{"line":169,"column":10},"end":{"line":169,"column":33}},{"start":{"line":170,"column":12},"end":{"line":173,"column":18}}],"line":167},"16":{"loc":{"start":{"line":175,"column":9},"end":{"line":179,"column":9}},"type":"binary-expr","locations":[{"start":{"line":175,"column":9},"end":{"line":175,"column":35}},{"start":{"line":176,"column":10},"end":{"line":178,"column":16}}],"line":175}},"s":{"0":1,"1":0,"2":0,"3":0,"4":0,"5":1,"6":0,"7":0,"8":0,"9":0,"10":3,"11":3,"12":3,"13":3,"14":3,"15":3,"16":3,"17":3,"18":1,"19":1,"20":1,"21":1,"22":0,"23":1,"24":1,"25":1,"26":1,"27":1,"28":1,"29":0,"30":1,"31":3,"32":1,"33":1,"34":1,"35":1,"36":0,"37":1,"38":1,"39":1,"40":1,"41":1,"42":1,"43":0,"44":1,"45":3,"46":1,"47":1,"48":1,"49":1,"50":0,"51":0,"52":1,"53":0,"54":0,"55":1,"56":1,"57":1,"58":0,"59":0,"60":0,"61":1,"62":3,"63":1,"64":0,"65":1,"66":3,"67":1,"68":1},"f":{"0":0,"1":0,"2":3,"3":1,"4":1,"5":1,"6":1,"7":1,"8":1},"b":{"0":[1,1],"1":[0,1],"2":[1,1],"3":[0,1],"4":[0,1],"5":[1,1,1,1],"6":[0,1],"7":[1,0],"8":[0,0],"9":[0,1],"10":[1,0],"11":[0,3],"12":[3,3],"13":[3,3],"14":[3,0],"15":[3,0,0,0],"16":[3,0]},"_coverageSchema":"1a1c01bbd47fc00a2c39e90264f33305004495a9","hash":"1004b3a31da10c8c869d63ee30ef25f171807e93"}
}
