TN:
SF:src\componenets\MatchesData\Teams.jsx
FN:7,(anonymous_0)
FN:14,(anonymous_1)
FN:23,Teams
FN:46,(anonymous_3)
FN:47,(anonymous_4)
FN:72,(anonymous_5)
FN:73,(anonymous_6)
FN:99,(anonymous_7)
FN:126,(anonymous_8)
FNF:9
FNH:7
FNDA:0,(anonymous_0)
FNDA:0,(anonymous_1)
FNDA:3,Teams
FNDA:1,(anonymous_3)
FNDA:1,(anonymous_4)
FNDA:1,(anonymous_5)
FNDA:1,(anonymous_6)
FNDA:1,(anonymous_7)
FNDA:1,(anonymous_8)
DA:7,1
DA:8,0
DA:9,0
DA:10,0
DA:11,0
DA:14,1
DA:16,0
DA:18,0
DA:19,0
DA:20,0
DA:33,3
DA:37,3
DA:38,3
DA:40,3
DA:41,3
DA:43,3
DA:44,3
DA:46,3
DA:47,1
DA:49,1
DA:50,1
DA:52,1
DA:54,0
DA:57,1
DA:58,1
DA:59,1
DA:60,1
DA:61,1
DA:62,1
DA:64,0
DA:69,1
DA:72,3
DA:73,1
DA:75,1
DA:76,1
DA:78,1
DA:80,0
DA:83,1
DA:84,1
DA:85,1
DA:86,1
DA:87,1
DA:88,1
DA:90,0
DA:95,1
DA:99,3
DA:101,1
DA:102,1
DA:103,1
DA:104,1
DA:111,0
DA:112,0
DA:113,1
DA:114,0
DA:115,0
DA:116,1
DA:117,1
DA:118,1
DA:119,0
DA:120,0
DA:121,0
DA:124,1
DA:126,3
DA:128,1
DA:129,0
DA:131,1
DA:134,3
DA:184,1
DA:212,1
LF:69
LH:49
BRDA:49,0,0,1
BRDA:49,0,1,1
BRDA:52,1,0,0
BRDA:52,1,1,1
BRDA:75,2,0,1
BRDA:75,2,1,1
BRDA:78,3,0,0
BRDA:78,3,1,1
BRDA:104,4,0,0
BRDA:104,4,1,1
BRDA:105,5,0,1
BRDA:105,5,1,1
BRDA:105,5,2,1
BRDA:105,5,3,1
BRDA:113,6,0,0
BRDA:113,6,1,1
BRDA:116,7,0,1
BRDA:116,7,1,0
BRDA:119,8,0,0
BRDA:119,8,1,0
BRDA:128,9,0,0
BRDA:128,9,1,1
BRDA:128,10,0,1
BRDA:128,10,1,0
BRDA:136,11,0,0
BRDA:136,11,1,3
BRDA:141,12,0,3
BRDA:141,12,1,3
BRDA:152,13,0,3
BRDA:152,13,1,3
BRDA:162,14,0,3
BRDA:162,14,1,0
BRDA:167,15,0,3
BRDA:167,15,1,0
BRDA:167,15,2,0
BRDA:167,15,3,0
BRDA:175,16,0,3
BRDA:175,16,1,0
BRF:38
BRH:23
end_of_record
